<?xml version="1.0" encoding="UTF-8"?>
<!-- Generated by org.testng.reporters.JUnitXMLReporter -->
<testsuite ignored="0" hostname="DESKTOP-NFATJD6" failures="0" tests="7" name="Regression Test" time="72.581" errors="0" timestamp="22 Aug 2019 21:37:03 GMT">
  <testcase classname="testcases.AddContactsPageTest" name="verifyAddContactaLabelTest" time="0.101"/>
  <testcase classname="testcases.LoginPageTest" name="loginTest" time="2.579"/>
  <testcase classname="testcases.HomePageTest" name="verifyHomePageTitleTest" time="0.014"/>
  <testcase classname="testcases.AddContactsPageTest" name="addContactTest" time="0.996"/>
  <testcase classname="testcases.LoginPageTest" name="loginpageTitleTest" time="0.022"/>
  <testcase classname="testcases.HomePageTest" name="verifyWelcomeMessageTest" time="0.054"/>
  <testcase classname="testcases.HomePageTest" name="clickAddContactTest" time="1.426"/>
</testsuite> <!-- Regression Test -->
