<?xml version="1.0" encoding="UTF-8"?>
<testng-results ignored="0" total="2" passed="2" failed="0" skipped="0">
  <reporter-output>
  </reporter-output>
  <suite started-at="2019-08-30T04:01:04Z" name="Default suite" finished-at="2019-08-30T04:01:18Z" duration-ms="13708">
    <groups>
    </groups>
    <test started-at="2019-08-30T04:01:04Z" name="Default test" finished-at="2019-08-30T04:01:18Z" duration-ms="13708">
      <class name="testcases.LoginPageTest">
        <test-method is-config="true" signature="setUp()[pri:0, instance:testcases.LoginPageTest@5a7005d]" started-at="2019-08-30T04:01:04Z" name="setUp" finished-at="2019-08-30T04:01:10Z" duration-ms="5381" status="PASS">
          <reporter-output>
          </reporter-output>
        </test-method> <!-- setUp -->
        <test-method signature="loginTest()[pri:1, instance:testcases.LoginPageTest@5a7005d]" started-at="2019-08-30T04:01:10Z" name="loginTest" finished-at="2019-08-30T04:01:12Z" duration-ms="2524" status="PASS">
          <reporter-output>
          </reporter-output>
        </test-method> <!-- loginTest -->
        <test-method is-config="true" signature="tearDown()[pri:0, instance:testcases.LoginPageTest@5a7005d]" started-at="2019-08-30T04:01:12Z" name="tearDown" finished-at="2019-08-30T04:01:13Z" duration-ms="726" status="PASS">
          <reporter-output>
          </reporter-output>
        </test-method> <!-- tearDown -->
        <test-method is-config="true" signature="setUp()[pri:0, instance:testcases.LoginPageTest@5a7005d]" started-at="2019-08-30T04:01:13Z" name="setUp" finished-at="2019-08-30T04:01:17Z" duration-ms="4373" status="PASS">
          <reporter-output>
          </reporter-output>
        </test-method> <!-- setUp -->
        <test-method signature="loginpageTitleTest()[pri:2, instance:testcases.LoginPageTest@5a7005d]" started-at="2019-08-30T04:01:17Z" name="loginpageTitleTest" finished-at="2019-08-30T04:01:17Z" duration-ms="13" status="PASS">
          <reporter-output>
          </reporter-output>
        </test-method> <!-- loginpageTitleTest -->
        <test-method is-config="true" signature="tearDown()[pri:0, instance:testcases.LoginPageTest@5a7005d]" started-at="2019-08-30T04:01:17Z" name="tearDown" finished-at="2019-08-30T04:01:18Z" duration-ms="668" status="PASS">
          <reporter-output>
          </reporter-output>
        </test-method> <!-- tearDown -->
      </class> <!-- testcases.LoginPageTest -->
    </test> <!-- Default test -->
  </suite> <!-- Default suite -->
</testng-results>
